<?xml version="1.0" encoding="UTF-8"?>
<!-- Generated by org.testng.reporters.JUnitReportReporter -->
<testsuite hostname="polygon-technology" failures="0" tests="1" name="com.appium.AppTest" time="24.378" errors="0" timestamp="2023-10-23T15:54:44 BDT" skipped="0">
  <testcase classname="com.appium.AppTest" name="Login" time="24.378"/>
  <system-out/>
</testsuite> <!-- com.appium.AppTest -->
