<?xml version="1.0" encoding="UTF-8"?>
<!-- Generated by org.testng.reporters.JUnitReportReporter -->
<testsuite hostname="polygon-technology" failures="0" tests="1" name="com.appium.AppTest" time="38.384" errors="0" timestamp="2023-10-25T17:00:17 BDT" skipped="0">
  <testcase classname="com.appium.AppTest" name="Login" time="38.384"/>
  <system-out/>
</testsuite> <!-- com.appium.AppTest -->
