<?xml version="1.0" encoding="UTF-8"?>
<!-- Generated by org.testng.reporters.JUnitReportReporter -->
<testsuite hostname="polygon-technology" failures="0" tests="1" name="com.appium.AppTest" time="8.264" errors="0" timestamp="2023-10-16T14:44:04 BDT" skipped="0">
  <testcase classname="com.appium.AppTest" name="sampleTest" time="8.264"/>
  <system-out/>
</testsuite> <!-- com.appium.AppTest -->
