<?xml version="1.0" encoding="UTF-8"?>
<!-- Generated by org.testng.reporters.JUnitReportReporter -->
<testsuite hostname="polygon-technology" failures="0" tests="1" name="com.appium.AppTest" time="41.447" errors="0" timestamp="2023-10-30T15:32:35 BDT" skipped="0">
  <testcase classname="com.appium.AppTest" name="Login" time="41.447"/>
  <system-out/>
</testsuite> <!-- com.appium.AppTest -->
